#
# There is insufficient memory for the Java Runtime Environment to continue.
# Native memory allocation (malloc) failed to allocate 296256 bytes for Chunk::new
# Possible reasons:
#   The system is out of physical RAM or swap space
#   In 32 bit mode, the process size limit was hit
# Possible solutions:
#   Reduce memory load on the system
#   Increase physical memory or swap space
#   Check if swap backing store is full
#   Use 64 bit Java on a 64 bit OS
#   Decrease Java heap size (-Xmx/-Xms)
#   Decrease number of Java threads
#   Decrease Java thread stack sizes (-Xss)
#   Set larger code cache with -XX:ReservedCodeCacheSize=
# This output file may be truncated or incomplete.
#
#  Out of Memory Error (allocation.cpp:390), pid=3636, tid=0x000000000000136c
#
# JRE version: Java(TM) SE Runtime Environment (8.0_144-b01) (build 1.8.0_144-b01)
# Java VM: Java HotSpot(TM) 64-Bit Server VM (25.144-b01 mixed mode windows-amd64 compressed oops)
# Failed to write core dump. Minidumps are not enabled by default on client versions of Windows
#

---------------  T H R E A D  ---------------

Current thread (0x00000000149ff800):  JavaThread "C2 CompilerThread0" daemon [_thread_in_native, id=4972, stack(0x0000000016040000,0x0000000016140000)]

Stack: [0x0000000016040000,0x0000000016140000]
[error occurred during error reporting (printing stack bounds), id 0xc0000005]

Native frames: (J=compiled Java code, j=interpreted, Vv=VM code, C=native code)


Current CompileTask:
C2:   9077 1517       4       com.android.dx.ssa.back.FirstFitLocalCombiningAllocator$1::processInsn (169 bytes)


---------------  P R O C E S S  ---------------

Java Threads: ( => current thread )
  0x00000000165b0800 JavaThread "pool-1-thread-4" [_thread_blocked, id=6584, stack(0x0000000016d40000,0x0000000016e40000)]
  0x00000000165af000 JavaThread "pool-1-thread-3" [_thread_blocked, id=2412, stack(0x0000000016c40000,0x0000000016d40000)]
  0x00000000165ae800 JavaThread "pool-1-thread-2" [_thread_in_vm, id=5744, stack(0x0000000016b40000,0x0000000016c40000)]
  0x00000000165ab800 JavaThread "pool-2-thread-1" [_thread_blocked, id=2636, stack(0x0000000016a40000,0x0000000016b40000)]
  0x000000001659e000 JavaThread "pool-1-thread-1" [_thread_in_Java, id=5912, stack(0x0000000016940000,0x0000000016a40000)]
  0x0000000016355800 JavaThread "Service Thread" daemon [_thread_blocked, id=3244, stack(0x0000000016740000,0x0000000016840000)]
  0x0000000014a5e000 JavaThread "C1 CompilerThread2" daemon [_thread_in_native, id=120, stack(0x0000000016240000,0x0000000016340000)]
  0x0000000014a01800 JavaThread "C2 CompilerThread1" daemon [_thread_in_native, id=7548, stack(0x0000000016140000,0x0000000016240000)]
=>0x00000000149ff800 JavaThread "C2 CompilerThread0" daemon [_thread_in_native, id=4972, stack(0x0000000016040000,0x0000000016140000)]
  0x00000000149fd000 JavaThread "Attach Listener" daemon [_thread_blocked, id=4920, stack(0x0000000015f40000,0x0000000016040000)]
  0x00000000149fa000 JavaThread "Signal Dispatcher" daemon [_thread_blocked, id=7300, stack(0x0000000015e40000,0x0000000015f40000)]
  0x00000000149ea800 JavaThread "Finalizer" daemon [_thread_blocked, id=3264, stack(0x0000000015c60000,0x0000000015d60000)]
  0x00000000149c9000 JavaThread "Reference Handler" daemon [_thread_blocked, id=5548, stack(0x0000000015b60000,0x0000000015c60000)]
  0x0000000002230800 JavaThread "main" [_thread_in_native, id=1772, stack(0x00000000020d0000,0x00000000021d0000)]

Other Threads:
  0x00000000149c7000 VMThread [stack: 0x0000000015a60000,0x0000000015b60000] [id=228]
  0x000000001634c800 WatcherThread [stack: 0x0000000016840000,0x0000000016940000] [id=6500]

VM state:not at safepoint (normal execution)

VM Mutex/Monitor currently owned by a thread: None

Heap:
 PSYoungGen      total 35328K, used 9363K [0x00000000eab00000, 0x00000000ed000000, 0x0000000100000000)
  eden space 32768K, 20% used [0x00000000eab00000,0x00000000eb1a6c58,0x00000000ecb00000)
  from space 2560K, 99% used [0x00000000ecb00000,0x00000000ecd7e380,0x00000000ecd80000)
  to   space 2560K, 0% used [0x00000000ecd80000,0x00000000ecd80000,0x00000000ed000000)
 ParOldGen       total 44032K, used 8925K [0x00000000c0000000, 0x00000000c2b00000, 0x00000000eab00000)
  object space 44032K, 20% used [0x00000000c0000000,0x00000000c08b7658,0x00000000c2b00000)
 Metaspace       used 6181K, capacity 7092K, committed 7296K, reserved 1056768K
  class space    used 605K, capacity 620K, committed 640K, reserved 1048576K

Card table byte_map: [0x00000000116f0000,0x0000000011900000] byte_map_base: 0x00000000110f0000

Marking Bits: (ParMarkBitMap*) 0x00000000586bd850
 Begin Bits: [0x0000000011e60000, 0x0000000012e60000)
 End Bits:   [0x0000000012e60000, 0x0000000013e60000)

Polling page: 0x00000000001f0000

CodeCache: size=245760Kb used=6554Kb max_used=6554Kb free=239205Kb
 bounds [0x0000000002330000, 0x00000000029a0000, 0x0000000011330000]
 total_blobs=1811 nmethods=1548 adapters=176
 compilation: enabled

Compilation events (10 events):
Event: 8.283 Thread 0x0000000014a01800 1529       4       com.android.dx.ssa.SsaRenamer$BlockRenamer::visitNonMoveInsn (14 bytes)
Event: 8.285 Thread 0x0000000014a5e000 1551       3       com.android.dx.rop.code.Rops::opMarkLocal (69 bytes)
Event: 8.286 Thread 0x0000000014a5e000 nmethod 1551 0x0000000002985d90 code [0x0000000002985fc0, 0x0000000002986b98]
Event: 8.292 Thread 0x0000000014a5e000 1553       3       com.android.dx.ssa.NormalSsaInsn::isMoveException (20 bytes)
Event: 8.292 Thread 0x0000000014a5e000 nmethod 1553 0x0000000002985850 code [0x00000000029859c0, 0x0000000002985cb0]
Event: 9.000 Thread 0x0000000014a01800 nmethod 1529 0x000000000298c010 code [0x000000000298c200, 0x000000000298cb30]
Event: 9.000 Thread 0x0000000014a01800 1554       4       com.android.dx.rop.code.RegisterSpecSet::mutableCopy (57 bytes)
Event: 9.013 Thread 0x0000000014a01800 nmethod 1554 0x000000000297f490 code [0x000000000297f620, 0x000000000297fb98]
Event: 9.013 Thread 0x0000000014a01800 1550       4       com.android.dx.ssa.LocalVariableExtractor::processBlock (383 bytes)
Event: 9.046 Thread 0x0000000014a5e000 1558       2       com.android.dx.ssa.LiteralOpUpgrader$1::visitPhiInsn (1 bytes)

GC Heap History (6 events):
Event: 3.066 GC heap before
{Heap before GC invocations=1 (full 0):
 PSYoungGen      total 18944K, used 16384K [0x00000000eab00000, 0x00000000ec000000, 0x0000000100000000)
  eden space 16384K, 100% used [0x00000000eab00000,0x00000000ebb00000,0x00000000ebb00000)
  from space 2560K, 0% used [0x00000000ebd80000,0x00000000ebd80000,0x00000000ec000000)
  to   space 2560K, 0% used [0x00000000ebb00000,0x00000000ebb00000,0x00000000ebd80000)
 ParOldGen       total 44032K, used 0K [0x00000000c0000000, 0x00000000c2b00000, 0x00000000eab00000)
  object space 44032K, 0% used [0x00000000c0000000,0x00000000c0000000,0x00000000c2b00000)
 Metaspace       used 5805K, capacity 6772K, committed 7040K, reserved 1056768K
  class space    used 604K, capacity 620K, committed 640K, reserved 1048576K
Event: 3.291 GC heap after
Heap after GC invocations=1 (full 0):
 PSYoungGen      total 18944K, used 2551K [0x00000000eab00000, 0x00000000ed000000, 0x0000000100000000)
  eden space 16384K, 0% used [0x00000000eab00000,0x00000000eab00000,0x00000000ebb00000)
  from space 2560K, 99% used [0x00000000ebb00000,0x00000000ebd7dc78,0x00000000ebd80000)
  to   space 2560K, 0% used [0x00000000ecd80000,0x00000000ecd80000,0x00000000ed000000)
 ParOldGen       total 44032K, used 1599K [0x00000000c0000000, 0x00000000c2b00000, 0x00000000eab00000)
  object space 44032K, 3% used [0x00000000c0000000,0x00000000c018fe90,0x00000000c2b00000)
 Metaspace       used 5805K, capacity 6772K, committed 7040K, reserved 1056768K
  class space    used 604K, capacity 620K, committed 640K, reserved 1048576K
}
Event: 5.426 GC heap before
{Heap before GC invocations=2 (full 0):
 PSYoungGen      total 18944K, used 18935K [0x00000000eab00000, 0x00000000ed000000, 0x0000000100000000)
  eden space 16384K, 100% used [0x00000000eab00000,0x00000000ebb00000,0x00000000ebb00000)
  from space 2560K, 99% used [0x00000000ebb00000,0x00000000ebd7dc78,0x00000000ebd80000)
  to   space 2560K, 0% used [0x00000000ecd80000,0x00000000ecd80000,0x00000000ed000000)
 ParOldGen       total 44032K, used 1599K [0x00000000c0000000, 0x00000000c2b00000, 0x00000000eab00000)
  object space 44032K, 3% used [0x00000000c0000000,0x00000000c018fe90,0x00000000c2b00000)
 Metaspace       used 6032K, capacity 6964K, committed 7040K, reserved 1056768K
  class space    used 605K, capacity 620K, committed 640K, reserved 1048576K
Event: 6.422 GC heap after
Heap after GC invocations=2 (full 0):
 PSYoungGen      total 35328K, used 2542K [0x00000000eab00000, 0x00000000ed000000, 0x0000000100000000)
  eden space 32768K, 0% used [0x00000000eab00000,0x00000000eab00000,0x00000000ecb00000)
  from space 2560K, 99% used [0x00000000ecd80000,0x00000000ecffbb60,0x00000000ed000000)
  to   space 2560K, 0% used [0x00000000ecb00000,0x00000000ecb00000,0x00000000ecd80000)
 ParOldGen       total 44032K, used 4083K [0x00000000c0000000, 0x00000000c2b00000, 0x00000000eab00000)
  object space 44032K, 9% used [0x00000000c0000000,0x00000000c03fcf78,0x00000000c2b00000)
 Metaspace       used 6032K, capacity 6964K, committed 7040K, reserved 1056768K
  class space    used 605K, capacity 620K, committed 640K, reserved 1048576K
}
Event: 8.298 GC heap before
{Heap before GC invocations=3 (full 0):
 PSYoungGen      total 35328K, used 35310K [0x00000000eab00000, 0x00000000ed000000, 0x0000000100000000)
  eden space 32768K, 100% used [0x00000000eab00000,0x00000000ecb00000,0x00000000ecb00000)
  from space 2560K, 99% used [0x00000000ecd80000,0x00000000ecffbb60,0x00000000ed000000)
  to   space 2560K, 0% used [0x00000000ecb00000,0x00000000ecb00000,0x00000000ecd80000)
 ParOldGen       total 44032K, used 4083K [0x00000000c0000000, 0x00000000c2b00000, 0x00000000eab00000)
  object space 44032K, 9% used [0x00000000c0000000,0x00000000c03fcf78,0x00000000c2b00000)
 Metaspace       used 6160K, capacity 7092K, committed 7296K, reserved 1056768K
  class space    used 605K, capacity 620K, committed 640K, reserved 1048576K
Event: 8.999 GC heap after
Heap after GC invocations=3 (full 0):
 PSYoungGen      total 35328K, used 2552K [0x00000000eab00000, 0x00000000ed000000, 0x0000000100000000)
  eden space 32768K, 0% used [0x00000000eab00000,0x00000000eab00000,0x00000000ecb00000)
  from space 2560K, 99% used [0x00000000ecb00000,0x00000000ecd7e380,0x00000000ecd80000)
  to   space 2560K, 0% used [0x00000000ecd80000,0x00000000ecd80000,0x00000000ed000000)
 ParOldGen       total 44032K, used 8925K [0x00000000c0000000, 0x00000000c2b00000, 0x00000000eab00000)
  object space 44032K, 20% used [0x00000000c0000000,0x00000000c08b7658,0x00000000c2b00000)
 Metaspace       used 6160K, capacity 7092K, committed 7296K, reserved 1056768K
  class space    used 605K, capacity 620K, committed 640K, reserved 1048576K
}

Deoptimization events (7 events):
Event: 1.428 Thread 0x00000000165af000 Uncommon trap: reason=class_check action=maybe_recompile pc=0x0000000002566df0 method=com.android.dx.ssa.NormalSsaInsn.accept(Lcom/android/dx/ssa/SsaInsn$Visitor;)V @ 9
Event: 1.450 Thread 0x00000000165af000 Uncommon trap: reason=class_check action=maybe_recompile pc=0x0000000002566df0 method=com.android.dx.ssa.NormalSsaInsn.accept(Lcom/android/dx/ssa/SsaInsn$Visitor;)V @ 9
Event: 4.244 Thread 0x00000000165ae800 Uncommon trap: reason=unstable_if action=reinterpret pc=0x00000000026ee6c4 method=com.android.dx.ssa.SsaRenamer$BlockRenamer.addMapping(ILcom/android/dx/rop/code/RegisterSpec;)V @ 120
Event: 6.463 Thread 0x00000000165b0800 Uncommon trap: reason=null_check action=make_not_entrant pc=0x0000000002757d68 method=com.android.dx.rop.type.Type.equals(Ljava/lang/Object;)Z @ 8
Event: 6.542 Thread 0x0000000002230800 Uncommon trap: reason=uninitialized action=reinterpret pc=0x000000000284b1fc method=com.android.dx.cf.code.BytecodeArray.parseInstruction(ILcom/android/dx/cf/code/BytecodeArray$Visitor;)I @ 1031
Event: 7.509 Thread 0x00000000165b0800 Uncommon trap: reason=unstable_if action=reinterpret pc=0x00000000025ebc2c method=com.android.dx.rop.code.RegisterSpecSet.put(Lcom/android/dx/rop/code/RegisterSpec;)V @ 77
Event: 7.509 Thread 0x00000000165b0800 Uncommon trap: reason=unstable_if action=reinterpret pc=0x000000000265aee0 method=com.android.dx.rop.code.RegisterSpecSet.put(Lcom/android/dx/rop/code/RegisterSpec;)V @ 77

Internal exceptions (3 events):
Event: 0.071 Thread 0x0000000002230800 Exception <a 'java/lang/NoSuchMethodError': Method sun.misc.Unsafe.defineClass(Ljava/lang/String;[BII)Ljava/lang/Class; name or signature does not match> (0x00000000eab07ca8) thrown at [C:\re\workspace\8-2-build-windows-amd64-cygwin\jdk8u144\9417\hotspot\
Event: 0.071 Thread 0x0000000002230800 Exception <a 'java/lang/NoSuchMethodError': Method sun.misc.Unsafe.prefetchRead(Ljava/lang/Object;J)V name or signature does not match> (0x00000000eab07f90) thrown at [C:\re\workspace\8-2-build-windows-amd64-cygwin\jdk8u144\9417\hotspot\src\share\vm\prims
Event: 6.463 Thread 0x00000000165b0800 Implicit null exception at 0x0000000002757c62 to 0x0000000002757d5a

Events (10 events):
Event: 7.509 Thread 0x00000000165b0800 Uncommon trap: trap_request=0xffffff65 fr.pc=0x00000000025ebc2c
Event: 7.509 Thread 0x00000000165b0800 DEOPT PACKING pc=0x00000000025ebc2c sp=0x0000000016e3ec30
Event: 7.509 Thread 0x00000000165b0800 DEOPT UNPACKING pc=0x000000000237582a sp=0x0000000016e3ebb8 mode 2
Event: 7.509 Thread 0x00000000165b0800 Uncommon trap: trap_request=0xffffff65 fr.pc=0x000000000265aee0
Event: 7.509 Thread 0x00000000165b0800 DEOPT PACKING pc=0x000000000265aee0 sp=0x0000000016e3ec20
Event: 7.509 Thread 0x00000000165b0800 DEOPT UNPACKING pc=0x000000000237582a sp=0x0000000016e3eb40 mode 2
Event: 7.510 Thread 0x00000000165b0800 DEOPT PACKING pc=0x000000000266fe04 sp=0x0000000016e3eb30
Event: 7.510 Thread 0x00000000165b0800 DEOPT UNPACKING pc=0x000000000237787f sp=0x0000000016e3e8f8 mode 0
Event: 8.298 Executing VM operation: ParallelGCFailedAllocation
Event: 8.999 Executing VM operation: ParallelGCFailedAllocation done


Dynamic libraries:
0x00007ff7f7e80000 - 0x00007ff7f7eb7000 	D:\Java\jdk1.8.0_144\bin\java.exe
0x00007ffa3b470000 - 0x00007ffa3b631000 	C:\WINDOWS\SYSTEM32\ntdll.dll
0x00007ffa39480000 - 0x00007ffa3952d000 	C:\WINDOWS\system32\KERNEL32.DLL
0x00007ffa37c20000 - 0x00007ffa37e08000 	C:\WINDOWS\system32\KERNELBASE.dll
0x00007ffa3b1e0000 - 0x00007ffa3b287000 	C:\WINDOWS\system32\ADVAPI32.dll
0x00007ffa3b3d0000 - 0x00007ffa3b46d000 	C:\WINDOWS\system32\msvcrt.dll
0x00007ffa38dd0000 - 0x00007ffa38e2b000 	C:\WINDOWS\system32\sechost.dll
0x00007ffa38870000 - 0x00007ffa3898c000 	C:\WINDOWS\system32\RPCRT4.dll
0x00007ffa3b080000 - 0x00007ffa3b1d6000 	C:\WINDOWS\system32\USER32.dll
0x00007ffa397c0000 - 0x00007ffa39946000 	C:\WINDOWS\system32\GDI32.dll
0x00007ffa2a150000 - 0x00007ffa2a3c4000 	C:\WINDOWS\WinSxS\amd64_microsoft.windows.common-controls_6595b64144ccf1df_6.0.10586.0_none_8c15ae12515e1c22\COMCTL32.dll
0x00007ffa38f80000 - 0x00007ffa391fd000 	C:\WINDOWS\system32\combase.dll
0x00007ffa38800000 - 0x00007ffa3886a000 	C:\WINDOWS\system32\bcryptPrimitives.dll
0x00007ffa39780000 - 0x00007ffa397bb000 	C:\WINDOWS\system32\IMM32.DLL
0x0000000058740000 - 0x0000000058812000 	D:\Java\jdk1.8.0_144\jre\bin\msvcr100.dll
0x0000000057ea0000 - 0x000000005873d000 	D:\Java\jdk1.8.0_144\jre\bin\server\jvm.dll
0x00007ffa3b3c0000 - 0x00007ffa3b3c8000 	C:\WINDOWS\system32\PSAPI.DLL
0x00007ffa35da0000 - 0x00007ffa35dc3000 	C:\WINDOWS\SYSTEM32\WINMM.dll
0x00007ffa2d2f0000 - 0x00007ffa2d2fa000 	C:\WINDOWS\SYSTEM32\VERSION.dll
0x00007ffa35d70000 - 0x00007ffa35d9c000 	C:\WINDOWS\SYSTEM32\WINMMBASE.dll
0x00007ffa37bd0000 - 0x00007ffa37c13000 	C:\WINDOWS\system32\cfgmgr32.dll
0x00007ffa32970000 - 0x00007ffa32979000 	C:\WINDOWS\SYSTEM32\WSOCK32.dll
0x00007ffa3b290000 - 0x00007ffa3b2fb000 	C:\WINDOWS\system32\WS2_32.dll
0x0000000057e90000 - 0x0000000057e9f000 	D:\Java\jdk1.8.0_144\jre\bin\verify.dll
0x0000000057e60000 - 0x0000000057e89000 	D:\Java\jdk1.8.0_144\jre\bin\java.dll
0x0000000057e40000 - 0x0000000057e56000 	D:\Java\jdk1.8.0_144\jre\bin\zip.dll
0x00007ffa39950000 - 0x00007ffa3aeac000 	C:\WINDOWS\system32\SHELL32.dll
0x00007ffa37e10000 - 0x00007ffa38455000 	C:\WINDOWS\system32\windows.storage.dll
0x00007ffa39530000 - 0x00007ffa39582000 	C:\WINDOWS\system32\shlwapi.dll
0x00007ffa37ab0000 - 0x00007ffa37abf000 	C:\WINDOWS\system32\kernel.appcore.dll
0x00007ffa38510000 - 0x00007ffa385c5000 	C:\WINDOWS\system32\shcore.dll
0x00007ffa37ac0000 - 0x00007ffa37b0b000 	C:\WINDOWS\system32\powrprof.dll
0x00007ffa37a90000 - 0x00007ffa37aa4000 	C:\WINDOWS\system32\profapi.dll

VM Arguments:
jvm_args: -Djava.awt.headless=true -Xmx1024M -Dfile.encoding=windows-1252 -Duser.country=AU -Duser.language=en -Duser.variant 
java_command: com.android.dx.command.Main --dex --num-threads=4 --output E:\React Native\project1\touristApp\touristapp\android\app\build\intermediates\pre-dexed\debug\com.facebook.fresco-imagepipeline-1.3.0_b96a36fe11165fab89878154acbd9587dfd4b126.jar E:\React Native\project1\touristApp\touristapp\android\app\build\intermediates\exploded-aar\com.facebook.fresco\imagepipeline\1.3.0\jars\classes.jar
java_class_path (initial): D:\Program Files (x86)\Android\android-sdk\build-tools\23.0.1\lib\dx.jar
Launcher Type: SUN_STANDARD

Environment Variables:
JAVA_HOME=D:\Java\jdk1.8.0_144
CLASSPATH=E:\React Native\project1\touristApp\touristapp\android\\gradle\wrapper\gradle-wrapper.jar
PATH=C:\ProgramData\Oracle\Java\javapath;C:\Program Files (x86)\Intel\iCLS Client\;C:\Program Files\Intel\iCLS Client\;C:\WINDOWS\system32;C:\WINDOWS;C:\WINDOWS\System32\Wbem;C:\WINDOWS\System32\WindowsPowerShell\v1.0\;C:\Program Files (x86)\Intel\Intel(R) Management Engine Components\DAL;C:\Program Files\Intel\Intel(R) Management Engine Components\DAL;C:\Program Files (x86)\Intel\Intel(R) Management Engine Components\IPT;C:\Program Files\Intel\Intel(R) Management Engine Components\IPT;D:\Program Files\nodejs\;d:\Program Files\Git\cmd;C:\Program Files (x86)\Skype\Phone\;C:\Users\MUBASHIR\AppData\Roaming\npm;D:\Program Files (x86)\Android\android-sdk\platform-tools;d:\Program Files (x86)\Microsoft VS Code\bin
USERNAME=MUBASHIR
OS=Windows_NT
PROCESSOR_IDENTIFIER=Intel64 Family 6 Model 61 Stepping 4, GenuineIntel



---------------  S Y S T E M  ---------------

OS: Windows 10.0 , 64 bit Build 10586 (10.0.10586.0)

CPU:total 4 (initial active 4) (2 cores per cpu, 2 threads per core) family 6 model 61 stepping 4, cmov, cx8, fxsr, mmx, sse, sse2, sse3, ssse3, sse4.1, sse4.2, popcnt, avx, avx2, aes, clmul, erms, 3dnowpref, lzcnt, ht, tsc, tscinvbit, bmi1, bmi2, adx

Memory: 4k page, physical 4107980k(216960k free), swap 6861776k(4408k free)

vm_info: Java HotSpot(TM) 64-Bit Server VM (25.144-b01) for windows-amd64 JRE (1.8.0_144-b01), built on Jul 21 2017 21:57:33 by "java_re" with MS VC++ 10.0 (VS2010)

time: Thu Oct 05 11:43:18 2017
elapsed time: 9 seconds (0d 0h 0m 9s)

