#
# There is insufficient memory for the Java Runtime Environment to continue.
# Native memory allocation (malloc) failed to allocate 934496 bytes for Chunk::new
# Possible reasons:
#   The system is out of physical RAM or swap space
#   In 32 bit mode, the process size limit was hit
# Possible solutions:
#   Reduce memory load on the system
#   Increase physical memory or swap space
#   Check if swap backing store is full
#   Use 64 bit Java on a 64 bit OS
#   Decrease Java heap size (-Xmx/-Xms)
#   Decrease number of Java threads
#   Decrease Java thread stack sizes (-Xss)
#   Set larger code cache with -XX:ReservedCodeCacheSize=
# This output file may be truncated or incomplete.
#
#  Out of Memory Error (allocation.cpp:390), pid=2456, tid=0x0000000000001988
#
# JRE version: Java(TM) SE Runtime Environment (8.0_144-b01) (build 1.8.0_144-b01)
# Java VM: Java HotSpot(TM) 64-Bit Server VM (25.144-b01 mixed mode windows-amd64 compressed oops)
# Failed to write core dump. Minidumps are not enabled by default on client versions of Windows
#

---------------  T H R E A D  ---------------

Current thread (0x0000000014a13000):  JavaThread "C2 CompilerThread1" daemon [_thread_in_native, id=6536, stack(0x0000000016150000,0x0000000016250000)]

Stack: [0x0000000016150000,0x0000000016250000]
[error occurred during error reporting (printing stack bounds), id 0xc0000005]

Native frames: (J=compiled Java code, j=interpreted, Vv=VM code, C=native code)


Current CompileTask:
C2:   9077 1557   !   4       com.android.dx.cf.code.BytecodeArray::parseInstruction (2764 bytes)


---------------  P R O C E S S  ---------------

Java Threads: ( => current thread )
  0x00000000164e7800 JavaThread "pool-1-thread-4" [_thread_in_Java, id=6380, stack(0x0000000016d50000,0x0000000016e50000)]
  0x00000000164e6000 JavaThread "pool-1-thread-3" [_thread_in_Java, id=8688, stack(0x0000000016c50000,0x0000000016d50000)]
  0x00000000164e5000 JavaThread "pool-1-thread-2" [_thread_in_Java, id=5700, stack(0x0000000016b50000,0x0000000016c50000)]
  0x00000000164e2000 JavaThread "pool-2-thread-1" [_thread_blocked, id=640, stack(0x0000000016a50000,0x0000000016b50000)]
  0x00000000164e1000 JavaThread "pool-1-thread-1" [_thread_in_Java, id=6308, stack(0x0000000016950000,0x0000000016a50000)]
  0x0000000016264000 JavaThread "Service Thread" daemon [_thread_blocked, id=7652, stack(0x0000000016750000,0x0000000016850000)]
  0x0000000016258800 JavaThread "C1 CompilerThread2" daemon [_thread_blocked, id=7068, stack(0x0000000016650000,0x0000000016750000)]
=>0x0000000014a13000 JavaThread "C2 CompilerThread1" daemon [_thread_in_native, id=6536, stack(0x0000000016150000,0x0000000016250000)]
  0x0000000014a10800 JavaThread "C2 CompilerThread0" daemon [_thread_in_native, id=7972, stack(0x0000000016050000,0x0000000016150000)]
  0x0000000014a0e800 JavaThread "Attach Listener" daemon [_thread_blocked, id=1320, stack(0x0000000015f50000,0x0000000016050000)]
  0x0000000014a0b000 JavaThread "Signal Dispatcher" daemon [_thread_blocked, id=6996, stack(0x0000000015e50000,0x0000000015f50000)]
  0x00000000149fa800 JavaThread "Finalizer" daemon [_thread_blocked, id=9108, stack(0x0000000015c70000,0x0000000015d70000)]
  0x00000000149d9000 JavaThread "Reference Handler" daemon [_thread_blocked, id=2308, stack(0x0000000015b70000,0x0000000015c70000)]
  0x0000000002240800 JavaThread "main" [_thread_in_Java, id=5764, stack(0x0000000002140000,0x0000000002240000)]

Other Threads:
  0x00000000149d7800 VMThread [stack: 0x0000000015a70000,0x0000000015b70000] [id=7220]
  0x0000000016271800 WatcherThread [stack: 0x0000000016850000,0x0000000016950000] [id=2504]

VM state:not at safepoint (normal execution)

VM Mutex/Monitor currently owned by a thread: None

Heap:
 PSYoungGen      total 35328K, used 20754K [0x00000000eab00000, 0x00000000ef000000, 0x0000000100000000)
  eden space 32768K, 55% used [0x00000000eab00000,0x00000000ebccca68,0x00000000ecb00000)
  from space 2560K, 98% used [0x00000000ecb00000,0x00000000ecd78010,0x00000000ecd80000)
  to   space 2560K, 0% used [0x00000000eed80000,0x00000000eed80000,0x00000000ef000000)
 ParOldGen       total 44032K, used 9413K [0x00000000c0000000, 0x00000000c2b00000, 0x00000000eab00000)
  object space 44032K, 21% used [0x00000000c0000000,0x00000000c0931568,0x00000000c2b00000)
 Metaspace       used 6357K, capacity 7064K, committed 7424K, reserved 1056768K
  class space    used 633K, capacity 656K, committed 768K, reserved 1048576K

Card table byte_map: [0x0000000011700000,0x0000000011910000] byte_map_base: 0x0000000011100000

Marking Bits: (ParMarkBitMap*) 0x00000000586bd850
 Begin Bits: [0x0000000011e70000, 0x0000000012e70000)
 End Bits:   [0x0000000012e70000, 0x0000000013e70000)

Polling page: 0x00000000001f0000

CodeCache: size=245760Kb used=6465Kb max_used=6465Kb free=239294Kb
 bounds [0x0000000002340000, 0x00000000029a0000, 0x0000000011340000]
 total_blobs=1844 nmethods=1575 adapters=182
 compilation: enabled

Compilation events (10 events):
Event: 8.980 Thread 0x0000000016258800 1616       1       com.android.dx.rop.cst.CstKnownNull::getType (4 bytes)
Event: 8.980 Thread 0x0000000016258800 nmethod 1616 0x0000000002990250 code [0x00000000029903a0, 0x00000000029904b0]
Event: 8.993 Thread 0x0000000016258800 1618       2       com.android.dx.ssa.PhiInsn::changeResultType (17 bytes)
Event: 8.993 Thread 0x0000000016258800 nmethod 1618 0x000000000298fd10 code [0x000000000298fe80, 0x00000000029900b8]
Event: 8.994 Thread 0x0000000016258800 1619       1       com.android.dx.rop.cst.CstLong::getType (4 bytes)
Event: 8.995 Thread 0x0000000016258800 nmethod 1619 0x00000000029866d0 code [0x0000000002986820, 0x0000000002986930]
Event: 9.000 Thread 0x0000000016258800 1620       2       com.android.dx.cf.direct.DirectClassFile::getSourceFile (31 bytes)
Event: 9.001 Thread 0x0000000016258800 nmethod 1620 0x0000000002986190 code [0x0000000002986300, 0x0000000002986558]
Event: 9.002 Thread 0x0000000016258800 1621       2       com.android.dx.util.Hex::u2 (44 bytes)
Event: 9.003 Thread 0x0000000016258800 nmethod 1621 0x00000000029859d0 code [0x0000000002985b60, 0x0000000002985fb8]

GC Heap History (6 events):
Event: 2.324 GC heap before
{Heap before GC invocations=1 (full 0):
 PSYoungGen      total 18944K, used 16384K [0x00000000eab00000, 0x00000000ec000000, 0x0000000100000000)
  eden space 16384K, 100% used [0x00000000eab00000,0x00000000ebb00000,0x00000000ebb00000)
  from space 2560K, 0% used [0x00000000ebd80000,0x00000000ebd80000,0x00000000ec000000)
  to   space 2560K, 0% used [0x00000000ebb00000,0x00000000ebb00000,0x00000000ebd80000)
 ParOldGen       total 44032K, used 0K [0x00000000c0000000, 0x00000000c2b00000, 0x00000000eab00000)
  object space 44032K, 0% used [0x00000000c0000000,0x00000000c0000000,0x00000000c2b00000)
 Metaspace       used 5859K, capacity 6744K, committed 6912K, reserved 1056768K
  class space    used 612K, capacity 656K, committed 768K, reserved 1048576K
Event: 2.573 GC heap after
Heap after GC invocations=1 (full 0):
 PSYoungGen      total 18944K, used 2551K [0x00000000eab00000, 0x00000000ed000000, 0x0000000100000000)
  eden space 16384K, 0% used [0x00000000eab00000,0x00000000eab00000,0x00000000ebb00000)
  from space 2560K, 99% used [0x00000000ebb00000,0x00000000ebd7dc80,0x00000000ebd80000)
  to   space 2560K, 0% used [0x00000000ecd80000,0x00000000ecd80000,0x00000000ed000000)
 ParOldGen       total 44032K, used 2065K [0x00000000c0000000, 0x00000000c2b00000, 0x00000000eab00000)
  object space 44032K, 4% used [0x00000000c0000000,0x00000000c0204620,0x00000000c2b00000)
 Metaspace       used 5859K, capacity 6744K, committed 6912K, reserved 1056768K
  class space    used 612K, capacity 656K, committed 768K, reserved 1048576K
}
Event: 4.381 GC heap before
{Heap before GC invocations=2 (full 0):
 PSYoungGen      total 18944K, used 18935K [0x00000000eab00000, 0x00000000ed000000, 0x0000000100000000)
  eden space 16384K, 100% used [0x00000000eab00000,0x00000000ebb00000,0x00000000ebb00000)
  from space 2560K, 99% used [0x00000000ebb00000,0x00000000ebd7dc80,0x00000000ebd80000)
  to   space 2560K, 0% used [0x00000000ecd80000,0x00000000ecd80000,0x00000000ed000000)
 ParOldGen       total 44032K, used 2065K [0x00000000c0000000, 0x00000000c2b00000, 0x00000000eab00000)
  object space 44032K, 4% used [0x00000000c0000000,0x00000000c0204620,0x00000000c2b00000)
 Metaspace       used 6077K, capacity 6936K, committed 7168K, reserved 1056768K
  class space    used 613K, capacity 656K, committed 768K, reserved 1048576K
Event: 5.447 GC heap after
Heap after GC invocations=2 (full 0):
 PSYoungGen      total 35328K, used 2528K [0x00000000eab00000, 0x00000000ed000000, 0x0000000100000000)
  eden space 32768K, 0% used [0x00000000eab00000,0x00000000eab00000,0x00000000ecb00000)
  from space 2560K, 98% used [0x00000000ecd80000,0x00000000ecff8010,0x00000000ed000000)
  to   space 2560K, 0% used [0x00000000ecb00000,0x00000000ecb00000,0x00000000ecd80000)
 ParOldGen       total 44032K, used 4358K [0x00000000c0000000, 0x00000000c2b00000, 0x00000000eab00000)
  object space 44032K, 9% used [0x00000000c0000000,0x00000000c0441a08,0x00000000c2b00000)
 Metaspace       used 6077K, capacity 6936K, committed 7168K, reserved 1056768K
  class space    used 613K, capacity 656K, committed 768K, reserved 1048576K
}
Event: 8.250 GC heap before
{Heap before GC invocations=3 (full 0):
 PSYoungGen      total 35328K, used 35296K [0x00000000eab00000, 0x00000000ed000000, 0x0000000100000000)
  eden space 32768K, 100% used [0x00000000eab00000,0x00000000ecb00000,0x00000000ecb00000)
  from space 2560K, 98% used [0x00000000ecd80000,0x00000000ecff8010,0x00000000ed000000)
  to   space 2560K, 0% used [0x00000000ecb00000,0x00000000ecb00000,0x00000000ecd80000)
 ParOldGen       total 44032K, used 4358K [0x00000000c0000000, 0x00000000c2b00000, 0x00000000eab00000)
  object space 44032K, 9% used [0x00000000c0000000,0x00000000c0441a08,0x00000000c2b00000)
 Metaspace       used 6339K, capacity 7064K, committed 7424K, reserved 1056768K
  class space    used 633K, capacity 656K, committed 768K, reserved 1048576K
Event: 8.591 GC heap after
Heap after GC invocations=3 (full 0):
 PSYoungGen      total 35328K, used 2528K [0x00000000eab00000, 0x00000000ef000000, 0x0000000100000000)
  eden space 32768K, 0% used [0x00000000eab00000,0x00000000eab00000,0x00000000ecb00000)
  from space 2560K, 98% used [0x00000000ecb00000,0x00000000ecd78010,0x00000000ecd80000)
  to   space 2560K, 0% used [0x00000000eed80000,0x00000000eed80000,0x00000000ef000000)
 ParOldGen       total 44032K, used 9413K [0x00000000c0000000, 0x00000000c2b00000, 0x00000000eab00000)
  object space 44032K, 21% used [0x00000000c0000000,0x00000000c0931568,0x00000000c2b00000)
 Metaspace       used 6339K, capacity 7064K, committed 7424K, reserved 1056768K
  class space    used 633K, capacity 656K, committed 768K, reserved 1048576K
}

Deoptimization events (10 events):
Event: 6.587 Thread 0x00000000164e1000 Uncommon trap: reason=bimorphic action=maybe_recompile pc=0x00000000025bdde4 method=java.util.HashMap.getNode(ILjava/lang/Object;)Ljava/util/HashMap$Node; @ 126
Event: 6.587 Thread 0x00000000164e1000 Uncommon trap: reason=class_check action=maybe_recompile pc=0x000000000272f6bc method=java.util.HashMap.putVal(ILjava/lang/Object;Ljava/lang/Object;ZZ)Ljava/lang/Object; @ 203
Event: 6.588 Thread 0x00000000164e1000 Uncommon trap: reason=class_check action=maybe_recompile pc=0x000000000272f6bc method=java.util.HashMap.putVal(ILjava/lang/Object;Ljava/lang/Object;ZZ)Ljava/lang/Object; @ 203
Event: 6.660 Thread 0x00000000164e1000 Uncommon trap: reason=unstable_if action=reinterpret pc=0x00000000027d10e4 method=com.android.dx.ssa.SCCP.simulateStmt(Lcom/android/dx/ssa/SsaInsn;)V @ 53
Event: 7.816 Thread 0x00000000164e1000 Uncommon trap: reason=unstable_if action=reinterpret pc=0x000000000272f214 method=java.util.HashMap.putVal(ILjava/lang/Object;Ljava/lang/Object;ZZ)Ljava/lang/Object; @ 162
Event: 7.885 Thread 0x00000000164e6000 Uncommon trap: reason=unstable_if action=reinterpret pc=0x00000000028732b0 method=com.android.dx.ssa.InterferenceRegisterMapper.interferes(III)Z @ 69
Event: 7.958 Thread 0x00000000164e6000 Uncommon trap: reason=bimorphic action=maybe_recompile pc=0x0000000002908b6c method=com.android.dx.cf.code.BytecodeArray.parseInstruction(ILcom/android/dx/cf/code/BytecodeArray$Visitor;)I @ 2484
Event: 7.958 Thread 0x00000000164e6000 Uncommon trap: reason=bimorphic action=maybe_recompile pc=0x0000000002908b6c method=com.android.dx.cf.code.BytecodeArray.parseInstruction(ILcom/android/dx/cf/code/BytecodeArray$Visitor;)I @ 2484
Event: 8.600 Thread 0x00000000164e6000 Uncommon trap: reason=bimorphic action=maybe_recompile pc=0x0000000002908b6c method=com.android.dx.cf.code.BytecodeArray.parseInstruction(ILcom/android/dx/cf/code/BytecodeArray$Visitor;)I @ 2484
Event: 8.600 Thread 0x00000000164e6000 Uncommon trap: reason=bimorphic action=maybe_recompile pc=0x0000000002908b6c method=com.android.dx.cf.code.BytecodeArray.parseInstruction(ILcom/android/dx/cf/code/BytecodeArray$Visitor;)I @ 2484

Internal exceptions (6 events):
Event: 0.076 Thread 0x0000000002240800 Exception <a 'java/lang/NoSuchMethodError': Method sun.misc.Unsafe.defineClass(Ljava/lang/String;[BII)Ljava/lang/Class; name or signature does not match> (0x00000000eab07ca8) thrown at [C:\re\workspace\8-2-build-windows-amd64-cygwin\jdk8u144\9417\hotspot\
Event: 0.076 Thread 0x0000000002240800 Exception <a 'java/lang/NoSuchMethodError': Method sun.misc.Unsafe.prefetchRead(Ljava/lang/Object;J)V name or signature does not match> (0x00000000eab07f90) thrown at [C:\re\workspace\8-2-build-windows-amd64-cygwin\jdk8u144\9417\hotspot\src\share\vm\prims
Event: 2.584 Thread 0x00000000164e6000 Implicit null exception at 0x0000000002626553 to 0x0000000002627e95
Event: 6.575 Thread 0x00000000164e1000 Exception <a 'java/lang/ArrayIndexOutOfBoundsException': 18> (0x00000000eb4e17d0) thrown at [C:\re\workspace\8-2-build-windows-amd64-cygwin\jdk8u144\9417\hotspot\src\share\vm\interpreter\interpreterRuntime.cpp, line 366]
Event: 6.576 Thread 0x00000000164e1000 Exception <a 'java/lang/ArrayIndexOutOfBoundsException': 145> (0x00000000eb4e3350) thrown at [C:\re\workspace\8-2-build-windows-amd64-cygwin\jdk8u144\9417\hotspot\src\share\vm\interpreter\interpreterRuntime.cpp, line 366]
Event: 6.577 Thread 0x00000000164e1000 Exception <a 'java/lang/ArrayIndexOutOfBoundsException'> (0x00000000eb4e4638) thrown at [C:\re\workspace\8-2-build-windows-amd64-cygwin\jdk8u144\9417\hotspot\src\share\vm\runtime\sharedRuntime.cpp, line 605]

Events (10 events):
Event: 7.958 Thread 0x00000000164e6000 DEOPT PACKING pc=0x0000000002908b6c sp=0x0000000016d4e770
Event: 7.958 Thread 0x00000000164e6000 DEOPT UNPACKING pc=0x000000000238582a sp=0x0000000016d4e708 mode 2
Event: 7.991 Executing VM operation: ParallelGCFailedAllocation
Event: 8.591 Executing VM operation: ParallelGCFailedAllocation done
Event: 8.600 Thread 0x00000000164e6000 Uncommon trap: trap_request=0xffffffc6 fr.pc=0x0000000002908b6c
Event: 8.600 Thread 0x00000000164e6000 DEOPT PACKING pc=0x0000000002908b6c sp=0x0000000016d4e9b0
Event: 8.600 Thread 0x00000000164e6000 DEOPT UNPACKING pc=0x000000000238582a sp=0x0000000016d4e948 mode 2
Event: 8.600 Thread 0x00000000164e6000 Uncommon trap: trap_request=0xffffffc6 fr.pc=0x0000000002908b6c
Event: 8.600 Thread 0x00000000164e6000 DEOPT PACKING pc=0x0000000002908b6c sp=0x0000000016d4e770
Event: 8.600 Thread 0x00000000164e6000 DEOPT UNPACKING pc=0x000000000238582a sp=0x0000000016d4e708 mode 2


Dynamic libraries:
0x00007ff7f7e80000 - 0x00007ff7f7eb7000 	D:\Java\jdk1.8.0_144\bin\java.exe
0x00007ffa3b470000 - 0x00007ffa3b631000 	C:\WINDOWS\SYSTEM32\ntdll.dll
0x00007ffa39480000 - 0x00007ffa3952d000 	C:\WINDOWS\system32\KERNEL32.DLL
0x00007ffa37c20000 - 0x00007ffa37e08000 	C:\WINDOWS\system32\KERNELBASE.dll
0x00007ffa3b1e0000 - 0x00007ffa3b287000 	C:\WINDOWS\system32\ADVAPI32.dll
0x00007ffa3b3d0000 - 0x00007ffa3b46d000 	C:\WINDOWS\system32\msvcrt.dll
0x00007ffa38dd0000 - 0x00007ffa38e2b000 	C:\WINDOWS\system32\sechost.dll
0x00007ffa38870000 - 0x00007ffa3898c000 	C:\WINDOWS\system32\RPCRT4.dll
0x00007ffa3b080000 - 0x00007ffa3b1d6000 	C:\WINDOWS\system32\USER32.dll
0x00007ffa397c0000 - 0x00007ffa39946000 	C:\WINDOWS\system32\GDI32.dll
0x00007ffa2a150000 - 0x00007ffa2a3c4000 	C:\WINDOWS\WinSxS\amd64_microsoft.windows.common-controls_6595b64144ccf1df_6.0.10586.0_none_8c15ae12515e1c22\COMCTL32.dll
0x00007ffa38f80000 - 0x00007ffa391fd000 	C:\WINDOWS\system32\combase.dll
0x00007ffa38800000 - 0x00007ffa3886a000 	C:\WINDOWS\system32\bcryptPrimitives.dll
0x00007ffa39780000 - 0x00007ffa397bb000 	C:\WINDOWS\system32\IMM32.DLL
0x0000000058740000 - 0x0000000058812000 	D:\Java\jdk1.8.0_144\jre\bin\msvcr100.dll
0x0000000057ea0000 - 0x000000005873d000 	D:\Java\jdk1.8.0_144\jre\bin\server\jvm.dll
0x00007ffa3b3c0000 - 0x00007ffa3b3c8000 	C:\WINDOWS\system32\PSAPI.DLL
0x00007ffa32970000 - 0x00007ffa32979000 	C:\WINDOWS\SYSTEM32\WSOCK32.dll
0x00007ffa3b290000 - 0x00007ffa3b2fb000 	C:\WINDOWS\system32\WS2_32.dll
0x00007ffa35da0000 - 0x00007ffa35dc3000 	C:\WINDOWS\SYSTEM32\WINMM.dll
0x00007ffa2d2f0000 - 0x00007ffa2d2fa000 	C:\WINDOWS\SYSTEM32\VERSION.dll
0x00007ffa35d70000 - 0x00007ffa35d9c000 	C:\WINDOWS\SYSTEM32\WINMMBASE.dll
0x00007ffa37bd0000 - 0x00007ffa37c13000 	C:\WINDOWS\system32\cfgmgr32.dll
0x0000000057e90000 - 0x0000000057e9f000 	D:\Java\jdk1.8.0_144\jre\bin\verify.dll
0x0000000057e60000 - 0x0000000057e89000 	D:\Java\jdk1.8.0_144\jre\bin\java.dll
0x0000000057e40000 - 0x0000000057e56000 	D:\Java\jdk1.8.0_144\jre\bin\zip.dll
0x00007ffa39950000 - 0x00007ffa3aeac000 	C:\WINDOWS\system32\SHELL32.dll
0x00007ffa37e10000 - 0x00007ffa38455000 	C:\WINDOWS\system32\windows.storage.dll
0x00007ffa39530000 - 0x00007ffa39582000 	C:\WINDOWS\system32\shlwapi.dll
0x00007ffa37ab0000 - 0x00007ffa37abf000 	C:\WINDOWS\system32\kernel.appcore.dll
0x00007ffa38510000 - 0x00007ffa385c5000 	C:\WINDOWS\system32\shcore.dll
0x00007ffa37ac0000 - 0x00007ffa37b0b000 	C:\WINDOWS\system32\powrprof.dll
0x00007ffa37a90000 - 0x00007ffa37aa4000 	C:\WINDOWS\system32\profapi.dll

VM Arguments:
jvm_args: -Djava.awt.headless=true -Xmx1024M -Dfile.encoding=windows-1252 -Duser.country=AU -Duser.language=en -Duser.variant 
java_command: com.android.dx.command.Main --dex --num-threads=4 --output E:\React Native\project1\touristApp\touristapp\android\app\build\intermediates\pre-dexed\debug\okhttp-3.6.0_bfd674e06b9703ed2afef9126ae3dbe3b0b022e6.jar C:\Users\MUBASHIR\.gradle\caches\modules-2\files-2.1\com.squareup.okhttp3\okhttp\3.6.0\69edde9fc4b01c9fd51d25b83428837478c27254\okhttp-3.6.0.jar
java_class_path (initial): D:\Program Files (x86)\Android\android-sdk\build-tools\23.0.1\lib\dx.jar
Launcher Type: SUN_STANDARD

Environment Variables:
JAVA_HOME=D:\Java\jdk1.8.0_144
CLASSPATH=E:\React Native\project1\touristApp\touristapp\android\\gradle\wrapper\gradle-wrapper.jar
PATH=C:\ProgramData\Oracle\Java\javapath;C:\Program Files (x86)\Intel\iCLS Client\;C:\Program Files\Intel\iCLS Client\;C:\WINDOWS\system32;C:\WINDOWS;C:\WINDOWS\System32\Wbem;C:\WINDOWS\System32\WindowsPowerShell\v1.0\;C:\Program Files (x86)\Intel\Intel(R) Management Engine Components\DAL;C:\Program Files\Intel\Intel(R) Management Engine Components\DAL;C:\Program Files (x86)\Intel\Intel(R) Management Engine Components\IPT;C:\Program Files\Intel\Intel(R) Management Engine Components\IPT;D:\Program Files\nodejs\;d:\Program Files\Git\cmd;C:\Program Files (x86)\Skype\Phone\;C:\Users\MUBASHIR\AppData\Roaming\npm;D:\Program Files (x86)\Android\android-sdk\platform-tools;d:\Program Files (x86)\Microsoft VS Code\bin
USERNAME=MUBASHIR
OS=Windows_NT
PROCESSOR_IDENTIFIER=Intel64 Family 6 Model 61 Stepping 4, GenuineIntel



---------------  S Y S T E M  ---------------

OS: Windows 10.0 , 64 bit Build 10586 (10.0.10586.0)

CPU:total 4 (initial active 4) (2 cores per cpu, 2 threads per core) family 6 model 61 stepping 4, cmov, cx8, fxsr, mmx, sse, sse2, sse3, ssse3, sse4.1, sse4.2, popcnt, avx, avx2, aes, clmul, erms, 3dnowpref, lzcnt, ht, tsc, tscinvbit, bmi1, bmi2, adx

Memory: 4k page, physical 4107980k(216960k free), swap 6861776k(4408k free)

vm_info: Java HotSpot(TM) 64-Bit Server VM (25.144-b01) for windows-amd64 JRE (1.8.0_144-b01), built on Jul 21 2017 21:57:33 by "java_re" with MS VC++ 10.0 (VS2010)

time: Thu Oct 05 11:43:18 2017
elapsed time: 9 seconds (0d 0h 0m 9s)

